Microsoft (R) Macro Assembler Version 6.11		    09/28/18 22:43:10
key.asm							     Page 1 - 1


				;--------------------------------------------------------------------
				;   Program:  Key (MASM version)
				;
				;   Function: Echos input message from the user to the standard
				;             output device with lower case translated to capital
				;             letters and terminating with period input.
				;
				;   Author:   John Choi
				;
				;   Date:     Changes
				;   09/22/18  original version
				;
				;---------------------------------------
				         .model     small              ; 64k code and 64k data
				         .8086                         ; only allow 8086 instructions
				         .stack     256                ; reserve 256 bytes for the stack
				;---------------------------------------
 0000				         .data                         ; start the data segment
				;---------------------------------------
 0000 41 42 43 44 45 46		codes   db    'ABCDEFGHIJKLMNOPQRSTUVWXYZ'
       47 48 49 4A 4B 4C
       4D 4E 4F 50 51 52
       53 54 55 56 57 58
       59 5A
				;---------------------------------------
 0000				         .code
				;---------------------------------------
 0000				start:                                 ;
 0000  B8 ---- R		        mov ax, @data                  ; establish addressability
 0003  8E D8			        mov ds, ax                     ; for the data segment
 0005  BB 0000			        mov bx, 0                      ; clear index register
				;---------------------------------------
				;Read from the character.
				;Terminates when a period is inputted by the user.
				;---------------------------------------
 0008				getloop:                               ;
 0008  B4 08			        mov ah, 8                      ; read without echo
 000A  CD 21			        int 21h                        ; how: set ah=8 and issue int 21h
 000C  8A C8			        mov cl, al                     ; no, save the character (cl=xy)
				;---------------------------------------
				; If the character was a period then terminate,
				; else loop to read another character.
				;---------------------------------------
 000E  B4 02			        mov ah, 2                      ; set up to write the character
 0010  80 F9 20			        cmp cl, ' '                    ; if character is space
 0013  74 22			        je  print                      ; yes, loop
 0015  80 F9 2E			        cmp cl, '.'
 0018  74 21			        je  printPeriod
 001A  80 F9 7A			        cmp cl, 7Ah
 001D  7F E9			        jg  getloop
 001F  80 F9 61			        cmp cl, 61h
 0022  7D 0C			        jge convert
 0024  80 F9 5A			        cmp cl, 5Ah
 0027  7F DF			        jg  getloop
 0029  80 F9 41			        cmp cl, 41h
 002C  7D 09			        jge print
 002E  EB D8			        jmp getloop
 0030				convert:
 0030  80 E9 20			        sub cl, 20h
 0033  CD 21			        int 21h
 0035  EB D1			        jmp getloop
 0037				print:
 0037  CD 21			        int 21h
 0039  EB CD			        jmp getloop
 003B				printPeriod:
 003B  CD 21			        int 21h
 003D  EB 00			        jmp exit
				;---------------------------------------
				; The user typed a period so terminate.
				;---------------------------------------
 003F				exit:                                  ;
 003F  B8 4C00			        mov ax,4c00h                   ; set correct exit code in ax
 0042  CD 21			        int 21h                        ; int 21h will terminate program
				        end start                      ; execution begins at the label start
				;---------------------------------------
Microsoft (R) Macro Assembler Version 6.11		    09/28/18 22:43:10
key.asm							     Symbols 2 - 1




Segments and Groups:

                N a m e                 Size     Length   Align   Combine Class

DGROUP . . . . . . . . . . . . .	GROUP
_DATA  . . . . . . . . . . . . .	16 Bit	 001A	  Word	  Public  'DATA'	
STACK  . . . . . . . . . . . . .	16 Bit	 0100	  Para	  Stack	  'STACK'	 
_TEXT  . . . . . . . . . . . . .	16 Bit	 0044	  Word	  Public  'CODE'	


Symbols:

                N a m e                 Type     Value    Attr

@CodeSize  . . . . . . . . . . .	Number	 0000h	 
@DataSize  . . . . . . . . . . .	Number	 0000h	 
@Interface . . . . . . . . . . .	Number	 0000h	 
@Model . . . . . . . . . . . . .	Number	 0002h	 
@code  . . . . . . . . . . . . .	Text   	 _TEXT
@data  . . . . . . . . . . . . .	Text   	 DGROUP
@fardata?  . . . . . . . . . . .	Text   	 FAR_BSS
@fardata . . . . . . . . . . . .	Text   	 FAR_DATA
@stack . . . . . . . . . . . . .	Text   	 DGROUP
codes  . . . . . . . . . . . . .	Byte	 0000	  _DATA	
convert  . . . . . . . . . . . .	L Near	 0030	  _TEXT	
exit . . . . . . . . . . . . . .	L Near	 003F	  _TEXT	
getloop  . . . . . . . . . . . .	L Near	 0008	  _TEXT	
printPeriod  . . . . . . . . . .	L Near	 003B	  _TEXT	
print  . . . . . . . . . . . . .	L Near	 0037	  _TEXT	
start  . . . . . . . . . . . . .	L Near	 0000	  _TEXT	

	   0 Warnings
	   0 Errors
